# JRE version: Java(TM) SE Runtime Environment (19.0.2+7) (build 19.0.2+7-44)
# Java VM: Java HotSpot(TM) 64-Bit Server VM (19.0.2+7-44, mixed mode, sharing, tiered, compressed oops, compressed class ptrs, g1 gc, windows-amd64)
GC Precious Log:
 CardTable entry size: 512
 Card Set container configuration: InlinePtr #cards 4 size 8 Array Of Cards #cards 32 size 80 Howl #buckets 8 coarsen threshold 7372 Howl Bitmap #cards 1024 size 144 coarsen threshold 921 Card regions per heap region 1 cards per card region 8192
 CPUs: 8 total, 8 available
 Memory: 20257M
 Large Page Support: Disabled
 NUMA Support: Disabled
 Compressed Oops: Enabled (Zero based)
 Heap Region Size: 4M
 Heap Min Capacity: 8M
 Heap Initial Capacity: 320M
 Heap Max Capacity: 5068M
 Pre-touch: Disabled
 Parallel Workers: 8
 Concurrent Workers: 2
 Concurrent Refinement Workers: 8
 Periodic GC: Disabled
Heap:
 garbage-first heap   total 327680K, used 14549K [0x00000006c3400000, 0x0000000800000000)
  region size 4096K, 3 young (12288K), 1 survivors (4096K)
 Metaspace       used 19393K, committed 19584K, reserved 1114112K
  class space    used 2284K, committed 2368K, reserved 1048576K
GC Heap History (6 events):
Event: 3.559 GC heap before
{Heap before GC invocations=0 (full 0):
 garbage-first heap   total 327680K, used 20480K [0x00000006c3400000, 0x0000000800000000)
  region size 4096K, 5 young (20480K), 0 survivors (0K)
 Metaspace       used 5834K, committed 6016K, reserved 1114112K
  class space    used 615K, committed 704K, reserved 1048576K
}
Event: 3.568 GC heap after
{Heap after GC invocations=1 (full 0):
 garbage-first heap   total 327680K, used 6464K [0x00000006c3400000, 0x0000000800000000)
  region size 4096K, 1 young (4096K), 1 survivors (4096K)
 Metaspace       used 5834K, committed 6016K, reserved 1114112K
  class space    used 615K, committed 704K, reserved 1048576K
}
Event: 4.385 GC heap before
{Heap before GC invocations=1 (full 0):
 garbage-first heap   total 327680K, used 18752K [0x00000006c3400000, 0x0000000800000000)
  region size 4096K, 4 young (16384K), 1 survivors (4096K)
 Metaspace       used 8999K, committed 9216K, reserved 1114112K
  class space    used 1068K, committed 1152K, reserved 1048576K
}
Event: 4.391 GC heap after
{Heap after GC invocations=2 (full 0):
 garbage-first heap   total 327680K, used 7880K [0x00000006c3400000, 0x0000000800000000)
  region size 4096K, 1 young (4096K), 1 survivors (4096K)
 Metaspace       used 8999K, committed 9216K, reserved 1114112K
  class space    used 1068K, committed 1152K, reserved 1048576K
}
Event: 6.320 GC heap before
{Heap before GC invocations=2 (full 0):
 garbage-first heap   total 327680K, used 52936K [0x00000006c3400000, 0x0000000800000000)
  region size 4096K, 12 young (49152K), 1 survivors (4096K)
 Metaspace       used 18231K, committed 18496K, reserved 1114112K
  class space    used 2126K, committed 2240K, reserved 1048576K
}
Event: 6.328 GC heap after
{Heap after GC invocations=3 (full 0):
 garbage-first heap   total 327680K, used 10453K [0x00000006c3400000, 0x0000000800000000)
  region size 4096K, 1 young (4096K), 1 survivors (4096K)
 Metaspace       used 18231K, committed 18496K, reserved 1114112K
  class space    used 2126K, committed 2240K, reserved 1048576K
}

